{
  "stats": {
    "suites": 1,
    "tests": 1,
    "passes": 1,
    "pending": 0,
    "failures": 0,
    "start": "2025-07-02T18:09:27.567Z",
    "end": "2025-07-02T18:09:28.172Z",
    "duration": 605,
    "testsRegistered": 1,
    "passPercent": 100,
    "pendingPercent": 0,
    "other": 0,
    "hasOther": false,
    "skipped": 0,
    "hasSkipped": false
  },
  "results": [
    {
      "uuid": "f2e199d8-97bf-4c58-a932-ab10400443e0",
      "title": "",
      "fullFile": "cypress\\e2e\\json_placeholder.cy.js",
      "file": "cypress\\e2e\\json_placeholder.cy.js",
      "beforeHooks": [],
      "afterHooks": [],
      "tests": [],
      "suites": [
        {
          "uuid": "afa99e8c-401a-46fd-9780-d5209c0fcd0e",
          "title": "GET + POST de la API JSONPlaceholder",
          "fullFile": "",
          "file": "",
          "beforeHooks": [],
          "afterHooks": [],
          "tests": [
            {
              "title": "Crea un usuario y valida sus datos",
              "fullTitle": "GET + POST de la API JSONPlaceholder Crea un usuario y valida sus datos",
              "timedOut": null,
              "duration": 583,
              "state": "passed",
              "speed": "fast",
              "pass": true,
              "fail": false,
              "pending": false,
              "context": null,
              "code": "//POST - Crear usuario\ncy.request({\n  method: 'POST',\n  url: 'https://jsonplaceholder.typicode.com/users',\n  body: {\n    name: userData.name,\n    email: userData.email,\n    address: {\n      street: userData.ciudad\n    }\n  }\n}).then(resp => {\n  expect(resp.status).to.eq(201);\n  expect(resp.body).to.have.property('id');\n  userId = resp.body.id;\n});\n//GET - Obtener y validar ususario\ncy.request({\n  method: 'GET',\n  url: `https://jsonplaceholder.typicode.com/users/1`\n}).then(resp => {\n  expect(resp.status).to.eq(200);\n  expect(resp.body).to.have.property('name');\n  expect(resp.body).to.have.property('email');\n  expect(resp.body).to.have.property('address');\n});",
              "err": {},
              "uuid": "68951260-b287-48f5-a9aa-c15a664d361c",
              "parentUUID": "afa99e8c-401a-46fd-9780-d5209c0fcd0e",
              "isHook": false,
              "skipped": false
            }
          ],
          "suites": [],
          "passes": [
            "68951260-b287-48f5-a9aa-c15a664d361c"
          ],
          "failures": [],
          "pending": [],
          "skipped": [],
          "duration": 583,
          "root": false,
          "rootEmpty": false,
          "_timeout": 2000
        }
      ],
      "passes": [],
      "failures": [],
      "pending": [],
      "skipped": [],
      "duration": 0,
      "root": true,
      "rootEmpty": true,
      "_timeout": 2000
    }
  ],
  "meta": {
    "mocha": {
      "version": "7.2.0"
    },
    "mochawesome": {
      "options": {
        "quiet": false,
        "reportFilename": "mochawesome",
        "saveHtml": true,
        "saveJson": true,
        "consoleReporter": "spec",
        "useInlineDiffs": false,
        "code": true
      },
      "version": "7.1.3"
    },
    "marge": {
      "options": {
        "reportDir": "cypress/reports/mochawesome-report",
        "overwrite": false,
        "html": true,
        "json": true
      },
      "version": "6.2.0"
    }
  }
}